[debug] [2026-06-15T05:41:58.558Z] ----------------------------------------------------------------------
[debug] [2026-06-15T05:41:58.563Z] Command:       C:\Program Files\nodejs\node.exe C:\Users\zohaib hassan\AppData\Roaming\npm\node_modules\firebase-tools\lib\bin\firebase.js init
[debug] [2026-06-15T05:41:58.564Z] CLI Version:   15.20.0
[debug] [2026-06-15T05:41:58.564Z] Platform:      win32
[debug] [2026-06-15T05:41:58.564Z] Node Version:  v24.16.0
[debug] [2026-06-15T05:41:58.565Z] Time:          Mon Jun 15 2026 10:41:58 GMT+0500 (Pakistan Standard Time)
[debug] [2026-06-15T05:41:58.565Z] ----------------------------------------------------------------------
[debug] 
[info] 
     ######## #### ########  ######## ########     ###     ######  ########
     ##        ##  ##     ## ##       ##     ##  ##   ##  ##       ##
     ######    ##  ########  ######   ########  #########  ######  ######
     ##        ##  ##    ##  ##       ##     ## ##     ##       ## ##
     ##       #### ##     ## ######## ########  ##     ##  ######  ########

You're about to initialize a Firebase project in this directory:

  D:\projects\jobai

[debug] [2026-06-15T05:42:31.286Z] ExitPromptError: User force closed the prompt with SIGINT
    at Interface.sigint (C:\Users\zohaib hassan\AppData\Roaming\npm\node_modules\firebase-tools\node_modules\@inquirer\core\dist\commonjs\lib\create-prompt.js:101:37)
    at Interface.emit (node:events:509:28)
    at [_ttyWrite] [as _ttyWrite] (node:internal/readline/interface:1327:18)
    at ReadStream.onkeypress (node:internal/readline/interface:284:20)
    at ReadStream.emit (node:events:521:24)
    at emitKeys (node:internal/readline/utils:371:14)
    at emitKeys.next (<anonymous>)
    at ReadStream.onData (node:internal/readline/emitKeypressEvents:64:36)
    at ReadStream.emit (node:events:509:28)
    at addChunk (node:internal/streams/readable:563:12)
[error] 
[error] Error: An unexpected error has occurred.
